<?xml version="1.0" encoding="UTF-8"?>
<testng-results ignored="0" total="1" passed="1" failed="0" skipped="0">
  <reporter-output>
  </reporter-output>
  <suite started-at="2025-02-27T21:34:57 IST" name="Default suite" finished-at="2025-02-27T21:34:59 IST" duration-ms="1760">
    <groups>
    </groups>
    <test started-at="2025-02-27T21:34:57 IST" name="Default test" finished-at="2025-02-27T21:34:59 IST" duration-ms="1760">
      <class name="com.fintech.mock.WireMockTestNG">
        <test-method is-config="true" signature="setUp()[pri:0, instance:com.fintech.mock.WireMockTestNG@5119fb47]" started-at="2025-02-27T21:34:58 IST" name="setUp" finished-at="2025-02-27T21:34:58 IST" duration-ms="934" status="PASS">
          <reporter-output>
          </reporter-output>
        </test-method> <!-- setUp -->
        <test-method signature="testWireMockStub()[pri:0, instance:com.fintech.mock.WireMockTestNG@5119fb47]" started-at="2025-02-27T21:34:58 IST" name="testWireMockStub" finished-at="2025-02-27T21:34:59 IST" duration-ms="797" status="PASS">
          <reporter-output>
          </reporter-output>
        </test-method> <!-- testWireMockStub -->
        <test-method is-config="true" signature="tearDown()[pri:0, instance:com.fintech.mock.WireMockTestNG@5119fb47]" started-at="2025-02-27T21:34:59 IST" name="tearDown" finished-at="2025-02-27T21:34:59 IST" duration-ms="7" status="PASS">
          <reporter-output>
          </reporter-output>
        </test-method> <!-- tearDown -->
      </class> <!-- com.fintech.mock.WireMockTestNG -->
    </test> <!-- Default test -->
  </suite> <!-- Default suite -->
</testng-results>
